<?xml version="1.0" encoding="UTF-8"?>
<!-- Generated by org.testng.reporters.JUnitXMLReporter -->
<testsuite ignored="0" hostname="WS010" failures="0" tests="5" name="Command line test" time="288.686" errors="0" timestamp="2025-03-31T17:45:01 MSK">
  <testcase classname="ru.education.tests.EducationTests" name="TestBasketApplyEDU" time="62.345"/>
  <testcase classname="ru.education.tests.EducationTests" name="TestBasketPayEDU" time="57.33"/>
  <testcase classname="ru.education.tests.EducationTests" name="TestCallBackEDU" time="55.675"/>
  <testcase classname="ru.education.tests.EducationTests" name="TestConsultEDU" time="56.941"/>
  <testcase classname="ru.education.tests.EducationTests" name="TestDiscount15EDU" time="55.998"/>
</testsuite> <!-- Command line test -->
