<?xml version="1.0" encoding="UTF-8"?>
<!-- Generated by org.testng.reporters.JUnitXMLReporter -->
<testsuite ignored="0" hostname="WS010" failures="0" tests="28" name="Command line test" time="1640.858" errors="0" timestamp="2025-04-11T09:55:02 MSK">
  <testcase classname="ru.education.tests.EducationTests" name="TestBasketApplyEDU" time="61.958"/>
  <testcase classname="ru.education.tests.EducationTests" name="TestBasketPayEDU" time="57.252"/>
  <testcase classname="ru.education.tests.EducationTests" name="TestCallBackEDU" time="57.285"/>
  <testcase classname="ru.education.tests.EducationTests" name="TestConsultEDU" time="56.784"/>
  <testcase classname="ru.education.tests.EducationTests" name="TestDiscount15EDU" time="58.136"/>
  <testcase classname="ru.mirk.tests.MIRKTests" name="TestApplyToCourseMIRK" time="55.982"/>
  <testcase classname="ru.mirk.tests.MIRKTests" name="TestCallBackMIRK" time="54.755"/>
  <testcase classname="ru.mirk.tests.MIRKTests" name="TestCartMIRK" time="58.614"/>
  <testcase classname="ru.mirk.tests.MIRKTests" name="TestConsultForFreeMIRK" time="53.333"/>
  <testcase classname="ru.mirk.tests.MIRKTests" name="TestDemoMIRK" time="54.824"/>
  <testcase classname="ru.mirk.tests.MIRKTests" name="TestDodMIRK" time="54.266"/>
  <testcase classname="ru.mirk.tests.MIRKTests" name="TestGetProf20MIRK" time="54.976"/>
  <testcase classname="ru.mirk.tests.MIRKTests" name="TestGiftCertMIRK" time="64.41"/>
  <testcase classname="ru.mirk.tests.MIRKTests" name="TestNeedConsultMIRK" time="55.43"/>
  <testcase classname="ru.mirk.tests.MIRKTests" name="TestOrderConsultMIRK" time="53.403"/>
  <testcase classname="ru.mirk.tests.MIRKTests" name="TestWrite2UstMIRK" time="53.464"/>
  <testcase classname="ru.mzpo.tests.MzpoTests" name="Test13HardChoice_MZPO" time="55.305"/>
  <testcase classname="ru.mzpo.tests.MzpoTests" name="TestBasketPay_MZPO" time="53.537"/>
  <testcase classname="ru.mzpo.tests.MzpoTests" name="TestCallBack_MZPO" time="55.734"/>
  <testcase classname="ru.mzpo.tests.MzpoTests" name="TestConsult_MZPO" time="55.307"/>
  <testcase classname="ru.mzpo.tests.MzpoTests" name="TestDiscount_15_MZPO" time="55.343"/>
  <testcase classname="ru.mzpo.tests.MzpoTests" name="TestFeedBack_MZPO" time="55.662"/>
  <testcase classname="ru.mzpo.tests.MzpoTests" name="TestGiftCert_MZPO" time="93.726"/>
  <testcase classname="ru.mzpo.tests.MzpoTests" name="TestNMO_MZPO" time="54.072"/>
  <testcase classname="ru.mzpo.tests.MzpoTests" name="TestOpenDay_MZPO" time="94.903"/>
  <testcase classname="ru.mzpo.tests.MzpoTests" name="TestSportPaket_MZPO" time="53.794"/>
  <testcase classname="ru.mzpo.tests.MzpoTests" name="TestTrialLesson_MZPO" time="53.515"/>
  <testcase classname="ru.mzpo.tests.MzpoTests" name="TestWrite2Us_MZPO" time="54.46"/>
</testsuite> <!-- Command line test -->
